<!--
   Licensed to the Apache Software Foundation (ASF) under one or more
   contributor license agreements.  See the NOTICE file distributed with
   this work for additional information regarding copyright ownership.
   The ASF licenses this file to You under the Apache License, Version 2.0
   (the "License"); you may not use this file except in compliance with
   the License.  You may obtain a copy of the License at

       http://www.apache.org/licenses/LICENSE-2.0

   Unless required by applicable law or agreed to in writing, software
   distributed under the License is distributed on an "AS IS" BASIS,
   WITHOUT WARRANTIES OR CONDITIONS OF ANY KIND, either express or implied.
   See the License for the specific language governing permissions and
   limitations under the License.
-->
<topology>
    <gateway>
        <provider>
            <role>authentication</role>
            <name>ShiroProvider</name>
            <enabled>true</enabled>
            <param>
                <name>main.ldapRealm</name>
                <value>org.apache.knox.gateway.shirorealm.KnoxLdapRealm</value>
            </param>
            <param>
                <name>main.ldapRealm.userDnTemplate</name>
                <value>uid={0},ou=people,dc=hadoop,dc=apache,dc=org</value>
            </param>
            <param>
                <name>main.ldapRealm.contextFactory.url</name>
                <value>$LDAP_URL</value>
            </param>
            <param>
                <name>main.ldapRealm.contextFactory.authenticationMechanism</name>
                <value>simple</value>
            </param>
            <param>
                <name>urls./**</name>
                <value>authcBasic</value>
            </param>
        </provider>
        <provider>
            <role>identity-assertion</role>
            <name>Default</name>
            <enabled>true</enabled>
        </provider>
    </gateway>
    <application>
        <name>dynamic-app</name>
        <url>dynamic-app-path</url>
        <param>
          <name>dynamix.app.param</name>
          <value>dummy</value>
        </param>
    </application>
</topology>
